<?xml version="1.0" encoding="UTF-8"?>
<testsuite xmlns:xsi="http://www.w3.org/2001/XMLSchema-instance" xsi:schemaLocation="https://maven.apache.org/surefire/maven-surefire-plugin/xsd/surefire-test-report.xsd" name="TestSuite" time="74.908" tests="6" errors="0" skipped="0" failures="4">
  <properties>
[...]
</properties>
  <testcase name="loginTest" classname="com.inetBanking.testcases.TC_LoginTest_001" time="4.532">
    <failure message="expected [true] but found [false]" type="java.lang.AssertionError">java.lang.AssertionError: expected [true] but found [false]
	at com.inetBanking.testcases.TC_LoginTest_001.loginTest(TC_LoginTest_001.java:37)
</failure>
    <system-out><![CDATA[Screenshot taken
]]></system-out>
    <system-err><![CDATA[1634376141297	mozrunner::runner	INFO	Running command: "C:\\Program Files\\Mozilla Firefox\\firefox.exe" "-marionette" "-foreground" "-no-remote" "-profile" "C:\\Users\\jreva\\AppData\\Local\\Temp\\rust_mozprofileilPS8u"
1634376141648	Marionette	INFO	Marionette enabled
JavaScript error: resource://gre/modules/XULStore.jsm, line 66: Error: Can't find profile directory.
console.warn: SearchSettings: "get: No settings file exists, new profile?" (new NotFoundError("Could not open the file at C:\\Users\\jreva\\AppData\\Local\\Temp\\rust_mozprofileilPS8u\\search.json.mozlz4", (void 0)))
1634376143596	Marionette	INFO	Listening on port 54489
1634376143961	RemoteAgent	WARN	TLS certificate errors will be ignored for this session
Oct 16, 2021 2:52:23 PM org.openqa.selenium.remote.ProtocolHandshake createSession
INFO: Detected dialect: W3C
JavaScript error: https://demo.guru99.com/v4/index.php, line 1: SyntaxError: missing ) after argument list
1634376147148	Marionette	WARN	Ignoring event 'DOMContentLoaded' because document has an invalid readyState of 'complete'.
]]></system-err>
  </testcase>
  <testcase name="loginDDT" classname="com.inetBanking.testcases.TC_LoginDDT_002" time="15.822"/>
  <testcase name="loginDDT" classname="com.inetBanking.testcases.TC_LoginDDT_002" time="8.804">
    <failure message="expected [true] but found [false]" type="java.lang.AssertionError">java.lang.AssertionError: expected [true] but found [false]
	at com.inetBanking.testcases.TC_LoginDDT_002.loginDDT(TC_LoginDDT_002.java:34)
</failure>
    <system-err><![CDATA[JavaScript error: https://demo.guru99.com/v4/index.php, line 1: SyntaxError: missing ) after argument list
1634376181492	Marionette	WARN	Ignoring event 'DOMContentLoaded' because document has an invalid readyState of 'complete'.
]]></system-err>
  </testcase>
  <testcase name="loginDDT" classname="com.inetBanking.testcases.TC_LoginDDT_002" time="6.962">
    <failure message="expected [true] but found [false]" type="java.lang.AssertionError">java.lang.AssertionError: expected [true] but found [false]
	at com.inetBanking.testcases.TC_LoginDDT_002.loginDDT(TC_LoginDDT_002.java:34)
</failure>
    <system-err><![CDATA[JavaScript error: https://demo.guru99.com/v4/index.php, line 1: SyntaxError: missing ) after argument list
1634376188444	Marionette	WARN	Ignoring event 'DOMContentLoaded' because document has an invalid readyState of 'complete'.
]]></system-err>
  </testcase>
  <testcase name="loginDDT" classname="com.inetBanking.testcases.TC_LoginDDT_002" time="12.607"/>
  <testcase name="loginDDT" classname="com.inetBanking.testcases.TC_LoginDDT_002" time="8.794">
    <failure message="expected [true] but found [false]" type="java.lang.AssertionError">java.lang.AssertionError: expected [true] but found [false]
	at com.inetBanking.testcases.TC_LoginDDT_002.loginDDT(TC_LoginDDT_002.java:34)
</failure>
    <system-err><![CDATA[JavaScript error: https://demo.guru99.com/v4/index.php, line 1: SyntaxError: missing ) after argument list
1634376209839	Marionette	WARN	Ignoring event 'DOMContentLoaded' because document has an invalid readyState of 'complete'.
]]></system-err>
  </testcase>
</testsuite>